<?xml version="1.0" encoding="UTF-8"?>
<!-- Generated by org.testng.reporters.JUnitReportReporter -->
<testsuite skipped="0" hostname="DESKTOP-NN9MDGJ" name="de.instafame.bot.Bot" tests="1" failures="0" timestamp="06 Jul 2018 21:11:27 GMT" time="31.821" errors="0">
  <testcase name="testUserLoginKnowledgeCenter" time="31.821" classname="de.instafame.bot.Bot"/>
</testsuite> <!-- de.instafame.bot.Bot -->
