<?xml version="1.0" encoding="UTF-8"?>
<!-- Generated by org.testng.reporters.JUnitReportReporter -->
<testsuite skipped="0" hostname="DESKTOP-NN9MDGJ" name="com.sahsec.TestFrameworkMvn.ChromeDriverTest" tests="1" failures="0" timestamp="02 Feb 2018 21:35:08 GMT" time="25.921" errors="0">
  <testcase name="login" time="25.921" classname="com.sahsec.TestFrameworkMvn.ChromeDriverTest"/>
</testsuite> <!-- com.sahsec.TestFrameworkMvn.ChromeDriverTest -->
